e:\dev\opengl\gg\gg\debug\vc143.pdb
e:\dev\opengl\gg\gg\debug\vc143.idb
e:\dev\opengl\gg\gg\debug\display.obj
e:\dev\opengl\gg\gg\debug\victorgl.obj
e:\dev\opengl\gg\gg\debug\shadertwo.obj
e:\dev\opengl\gg\gg\debug\shaderthree.obj
e:\dev\opengl\gg\gg\debug\shaderone.obj
e:\dev\opengl\gg\gg\debug\maintest.obj
e:\dev\opengl\gg\gg\debug\errorhandles.obj
e:\dev\opengl\gg\gg\debug\arraylife.obj
e:\dev\opengl\gg\gg\debug\applaunch.obj
e:\dev\opengl\gg\gg\debug\glad.obj
e:\dev\opengl\gg\debug\gg.exe
e:\dev\opengl\gg\debug\gg.pdb
e:\dev\opengl\gg\gg\debug\gg.ilk
e:\dev\opengl\gg\gg\debug\gg.tlog\cl.command.1.tlog
e:\dev\opengl\gg\gg\debug\gg.tlog\cl.items.tlog
e:\dev\opengl\gg\gg\debug\gg.tlog\cl.read.1.tlog
e:\dev\opengl\gg\gg\debug\gg.tlog\cl.write.1.tlog
e:\dev\opengl\gg\gg\debug\gg.tlog\link.command.1.tlog
e:\dev\opengl\gg\gg\debug\gg.tlog\link.read.1.tlog
e:\dev\opengl\gg\gg\debug\gg.tlog\link.secondary.1.tlog
e:\dev\opengl\gg\gg\debug\gg.tlog\link.write.1.tlog
